{"C:\\git\\pointw-dev\\HALchemy\\src\\node\\halchemy\\src\\api.ts": {"path":"C:\\git\\pointw-dev\\HALchemy\\src\\node\\halchemy\\src\\api.ts","statementMap":{"0":{"start":{"line":1,"column":0},"end":{"line":1,"column":39}},"1":{"start":{"line":3,"column":0},"end":{"line":3,"column":62}},"2":{"start":{"line":4,"column":0},"end":{"line":4,"column":8}},"3":{"start":{"line":4,"column":8},"end":{"line":4,"column":36}},"4":{"start":{"line":4,"column":36},"end":{"line":4,"column":62}},"5":{"start":{"line":6,"column":0},"end":{"line":6,"column":13}},"6":{"start":{"line":16,"column":21},"end":{"line":16,"column":null}},"7":{"start":{"line":17,"column":21},"end":{"line":17,"column":null}},"8":{"start":{"line":18,"column":11},"end":{"line":18,"column":null}},"9":{"start":{"line":21,"column":8},"end":{"line":25,"column":null}},"10":{"start":{"line":27,"column":8},"end":{"line":27,"column":null}},"11":{"start":{"line":31,"column":21},"end":{"line":31,"column":52}},"12":{"start":{"line":32,"column":26},"end":{"line":32,"column":35}},"13":{"start":{"line":34,"column":8},"end":{"line":36,"column":null}},"14":{"start":{"line":35,"column":12},"end":{"line":35,"column":51}},"15":{"start":{"line":37,"column":8},"end":{"line":37,"column":52}},"16":{"start":{"line":42,"column":8},"end":{"line":48,"column":null}},"17":{"start":{"line":43,"column":12},"end":{"line":43,"column":null}},"18":{"start":{"line":44,"column":29},"end":{"line":44,"column":74}},"19":{"start":{"line":45,"column":12},"end":{"line":45,"column":null}},"20":{"start":{"line":47,"column":12},"end":{"line":47,"column":null}},"21":{"start":{"line":52,"column":20},"end":{"line":52,"column":74}},"22":{"start":{"line":53,"column":8},"end":{"line":53,"column":null}},"23":{"start":{"line":58,"column":21},"end":{"line":58,"column":52}},"24":{"start":{"line":59,"column":26},"end":{"line":59,"column":35}},"25":{"start":{"line":61,"column":8},"end":{"line":63,"column":null}},"26":{"start":{"line":62,"column":12},"end":{"line":62,"column":null}},"27":{"start":{"line":64,"column":8},"end":{"line":64,"column":null}},"28":{"start":{"line":66,"column":8},"end":{"line":68,"column":null}},"29":{"start":{"line":67,"column":12},"end":{"line":67,"column":51}},"30":{"start":{"line":69,"column":8},"end":{"line":69,"column":51}},"31":{"start":{"line":71,"column":8},"end":{"line":71,"column":null}},"32":{"start":{"line":76,"column":8},"end":{"line":82,"column":null}},"33":{"start":{"line":77,"column":12},"end":{"line":77,"column":null}},"34":{"start":{"line":78,"column":29},"end":{"line":78,"column":81}},"35":{"start":{"line":79,"column":12},"end":{"line":79,"column":null}},"36":{"start":{"line":81,"column":12},"end":{"line":81,"column":null}},"37":{"start":{"line":89,"column":36},"end":{"line":91,"column":22}},"38":{"start":{"line":90,"column":35},"end":{"line":90,"column":92}},"39":{"start":{"line":94,"column":8},"end":{"line":94,"column":63}},"40":{"start":{"line":99,"column":38},"end":{"line":99,"column":47}},"41":{"start":{"line":100,"column":30},"end":{"line":100,"column":44}},"42":{"start":{"line":102,"column":8},"end":{"line":104,"column":null}},"43":{"start":{"line":103,"column":12},"end":{"line":103,"column":null}},"44":{"start":{"line":105,"column":8},"end":{"line":110,"column":null}},"45":{"start":{"line":106,"column":12},"end":{"line":109,"column":null}},"46":{"start":{"line":112,"column":30},"end":{"line":112,"column":103}},"47":{"start":{"line":112,"column":69},"end":{"line":112,"column":102}},"48":{"start":{"line":113,"column":8},"end":{"line":115,"column":null}},"49":{"start":{"line":114,"column":12},"end":{"line":114,"column":null}},"50":{"start":{"line":117,"column":8},"end":{"line":119,"column":null}},"51":{"start":{"line":118,"column":12},"end":{"line":118,"column":46}},"52":{"start":{"line":126,"column":8},"end":{"line":136,"column":null}},"53":{"start":{"line":128,"column":31},"end":{"line":128,"column":50}},"54":{"start":{"line":129,"column":12},"end":{"line":129,"column":48}},"55":{"start":{"line":130,"column":12},"end":{"line":130,"column":null}},"56":{"start":{"line":131,"column":12},"end":{"line":131,"column":null}},"57":{"start":{"line":134,"column":12},"end":{"line":134,"column":null}},"58":{"start":{"line":135,"column":12},"end":{"line":135,"column":24}},"59":{"start":{"line":14,"column":0},"end":{"line":14,"column":13}}},"fnMap":{"0":{"name":"(anonymous_7)","decl":{"start":{"line":4,"column":8},"end":{"line":4,"column":34}},"loc":{"start":{"line":4,"column":8},"end":{"line":4,"column":36}}},"1":{"name":"(anonymous_8)","decl":{"start":{"line":4,"column":36},"end":{"line":4,"column":45}},"loc":{"start":{"line":4,"column":36},"end":{"line":4,"column":62}}},"2":{"name":"(anonymous_9)","decl":{"start":{"line":20,"column":4},"end":{"line":20,"column":16}},"loc":{"start":{"line":20,"column":77},"end":{"line":28,"column":5}}},"3":{"name":"(anonymous_10)","decl":{"start":{"line":30,"column":4},"end":{"line":30,"column":14}},"loc":{"start":{"line":30,"column":71},"end":{"line":38,"column":5}}},"4":{"name":"(anonymous_11)","decl":{"start":{"line":41,"column":10},"end":{"line":41,"column":13}},"loc":{"start":{"line":41,"column":30},"end":{"line":49,"column":null}}},"5":{"name":"(anonymous_13)","decl":{"start":{"line":51,"column":10},"end":{"line":51,"column":20}},"loc":{"start":{"line":51,"column":77},"end":{"line":54,"column":null}}},"6":{"name":"(anonymous_15)","decl":{"start":{"line":57,"column":10},"end":{"line":57,"column":30}},"loc":{"start":{"line":57,"column":103},"end":{"line":72,"column":null}}},"7":{"name":"(anonymous_17)","decl":{"start":{"line":75,"column":10},"end":{"line":75,"column":19}},"loc":{"start":{"line":75,"column":40},"end":{"line":83,"column":null}}},"8":{"name":"(anonymous_19)","decl":{"start":{"line":88,"column":12},"end":{"line":88,"column":26}},"loc":{"start":{"line":88,"column":72},"end":{"line":95,"column":5}}},"9":{"name":"(anonymous_20)","decl":{"start":{"line":90,"column":17},"end":{"line":90,"column":18}},"loc":{"start":{"line":90,"column":35},"end":{"line":90,"column":92}}},"10":{"name":"(anonymous_21)","decl":{"start":{"line":98,"column":12},"end":{"line":98,"column":24}},"loc":{"start":{"line":98,"column":71},"end":{"line":120,"column":5}}},"11":{"name":"(anonymous_22)","decl":{"start":{"line":112,"column":58},"end":{"line":112,"column":65}},"loc":{"start":{"line":112,"column":69},"end":{"line":112,"column":102}}},"12":{"name":"(anonymous_23)","decl":{"start":{"line":117,"column":43},"end":{"line":117,"column":44}},"loc":{"start":{"line":117,"column":62},"end":{"line":119,"column":9}}},"13":{"name":"(anonymous_24)","decl":{"start":{"line":123,"column":12},"end":{"line":123,"column":23}},"loc":{"start":{"line":123,"column":42},"end":{"line":137,"column":5}}}},"branchMap":{"0":{"loc":{"start":{"line":20,"column":36},"end":{"line":20,"column":77}},"type":"default-arg","locations":[{"start":{"line":20,"column":49},"end":{"line":20,"column":77}}]},"1":{"loc":{"start":{"line":30,"column":31},"end":{"line":30,"column":46}},"type":"default-arg","locations":[{"start":{"line":30,"column":44},"end":{"line":30,"column":46}}]},"2":{"loc":{"start":{"line":30,"column":48},"end":{"line":30,"column":61}},"type":"default-arg","locations":[{"start":{"line":30,"column":59},"end":{"line":30,"column":61}}]},"3":{"loc":{"start":{"line":34,"column":8},"end":{"line":36,"column":null}},"type":"if","locations":[{"start":{"line":34,"column":8},"end":{"line":36,"column":null}}]},"4":{"loc":{"start":{"line":41,"column":14},"end":{"line":41,"column":30}},"type":"default-arg","locations":[{"start":{"line":41,"column":27},"end":{"line":41,"column":30}}]},"5":{"loc":{"start":{"line":51,"column":37},"end":{"line":51,"column":52}},"type":"default-arg","locations":[{"start":{"line":51,"column":50},"end":{"line":51,"column":52}}]},"6":{"loc":{"start":{"line":51,"column":54},"end":{"line":51,"column":67}},"type":"default-arg","locations":[{"start":{"line":51,"column":65},"end":{"line":51,"column":67}}]},"7":{"loc":{"start":{"line":57,"column":47},"end":{"line":57,"column":62}},"type":"default-arg","locations":[{"start":{"line":57,"column":60},"end":{"line":57,"column":62}}]},"8":{"loc":{"start":{"line":57,"column":64},"end":{"line":57,"column":77}},"type":"default-arg","locations":[{"start":{"line":57,"column":75},"end":{"line":57,"column":77}}]},"9":{"loc":{"start":{"line":61,"column":8},"end":{"line":63,"column":null}},"type":"if","locations":[{"start":{"line":61,"column":8},"end":{"line":63,"column":null}}]},"10":{"loc":{"start":{"line":66,"column":8},"end":{"line":68,"column":null}},"type":"if","locations":[{"start":{"line":66,"column":8},"end":{"line":68,"column":null}}]},"11":{"loc":{"start":{"line":94,"column":24},"end":{"line":94,"column":46}},"type":"cond-expr","locations":[{"start":{"line":94,"column":38},"end":{"line":94,"column":41}},{"start":{"line":94,"column":44},"end":{"line":94,"column":46}}]},"12":{"loc":{"start":{"line":105,"column":8},"end":{"line":110,"column":null}},"type":"if","locations":[{"start":{"line":105,"column":8},"end":{"line":110,"column":null}}]},"13":{"loc":{"start":{"line":113,"column":8},"end":{"line":115,"column":null}},"type":"if","locations":[{"start":{"line":113,"column":8},"end":{"line":115,"column":null}}]},"14":{"loc":{"start":{"line":118,"column":19},"end":{"line":118,"column":45}},"type":"binary-expr","locations":[{"start":{"line":118,"column":19},"end":{"line":118,"column":36}},{"start":{"line":118,"column":40},"end":{"line":118,"column":45}}]},"15":{"loc":{"start":{"line":126,"column":8},"end":{"line":136,"column":null}},"type":"if","locations":[{"start":{"line":126,"column":8},"end":{"line":136,"column":null}},{"start":{"line":132,"column":15},"end":{"line":136,"column":null}}]},"16":{"loc":{"start":{"line":126,"column":12},"end":{"line":126,"column":67}},"type":"binary-expr","locations":[{"start":{"line":126,"column":12},"end":{"line":126,"column":31}},{"start":{"line":126,"column":35},"end":{"line":126,"column":67}}]},"17":{"loc":{"start":{"line":126,"column":12},"end":{"line":126,"column":31}},"type":"cond-expr","locations":[{"start":{"line":126,"column":17},"end":{"line":126,"column":19}},{"start":{"line":126,"column":12},"end":{"line":126,"column":31}}]},"18":{"loc":{"start":{"line":126,"column":12},"end":{"line":126,"column":19}},"type":"binary-expr","locations":[{"start":{"line":126,"column":12},"end":{"line":126,"column":19}},{"start":{"line":126,"column":12},"end":{"line":126,"column":19}}]}},"s":{"0":6,"1":6,"2":6,"3":6,"4":8,"5":6,"6":6,"7":6,"8":6,"9":6,"10":6,"11":13,"12":13,"13":13,"14":7,"15":8,"16":10,"17":10,"18":10,"19":7,"20":3,"21":2,"22":2,"23":2,"24":2,"25":2,"26":2,"27":2,"28":2,"29":0,"30":2,"31":2,"32":10,"33":10,"34":10,"35":4,"36":6,"37":10,"38":5,"39":10,"40":7,"41":7,"42":7,"43":7,"44":7,"45":3,"46":4,"47":4,"48":4,"49":2,"50":2,"51":2,"52":9,"53":6,"54":6,"55":6,"56":6,"57":3,"58":3,"59":6},"f":{"0":0,"1":2,"2":6,"3":13,"4":10,"5":2,"6":2,"7":10,"8":10,"9":5,"10":7,"11":4,"12":2,"13":9},"b":{"0":[6],"1":[7],"2":[7],"3":[7],"4":[4],"5":[2],"6":[2],"7":[2],"8":[2],"9":[2],"10":[0],"11":[4,6],"12":[3],"13":[2],"14":[2,0],"15":[6,3],"16":[9,9],"17":[0,9],"18":[9,9]}}
,"C:\\git\\pointw-dev\\HALchemy\\src\\node\\halchemy\\src\\errors.ts": {"path":"C:\\git\\pointw-dev\\HALchemy\\src\\node\\halchemy\\src\\errors.ts","statementMap":{"0":{"start":{"line":7,"column":8},"end":{"line":7,"column":null}},"1":{"start":{"line":8,"column":8},"end":{"line":8,"column":null}},"2":{"start":{"line":4,"column":0},"end":{"line":4,"column":13}},"3":{"start":{"line":18,"column":8},"end":{"line":18,"column":null}},"4":{"start":{"line":19,"column":8},"end":{"line":19,"column":null}},"5":{"start":{"line":20,"column":8},"end":{"line":20,"column":null}},"6":{"start":{"line":21,"column":8},"end":{"line":21,"column":null}},"7":{"start":{"line":12,"column":0},"end":{"line":12,"column":13}}},"fnMap":{"0":{"name":"(anonymous_0)","decl":{"start":{"line":6,"column":4},"end":{"line":6,"column":17}},"loc":{"start":{"line":6,"column":61},"end":{"line":9,"column":5}}},"1":{"name":"(anonymous_1)","decl":{"start":{"line":17,"column":4},"end":{"line":17,"column":17}},"loc":{"start":{"line":17,"column":77},"end":{"line":22,"column":5}}}},"branchMap":{},"s":{"0":5,"1":5,"2":6,"3":6,"4":6,"5":6,"6":6,"7":6},"f":{"0":5,"1":6},"b":{}}
,"C:\\git\\pointw-dev\\HALchemy\\src\\node\\halchemy\\src\\__tests__\\_resources.ts": {"path":"C:\\git\\pointw-dev\\HALchemy\\src\\node\\halchemy\\src\\__tests__\\_resources.ts","statementMap":{"0":{"start":{"line":3,"column":13},"end":{"line":13,"column":null}},"1":{"start":{"line":15,"column":13},"end":{"line":20,"column":null}},"2":{"start":{"line":22,"column":13},"end":{"line":27,"column":null}},"3":{"start":{"line":29,"column":13},"end":{"line":36,"column":null}}},"fnMap":{},"branchMap":{},"s":{"0":6,"1":6,"2":6,"3":6},"f":{},"b":{}}
}
