TN:
SF:src\api.ts
FN:4,(anonymous_7)
FN:4,(anonymous_8)
FN:20,(anonymous_9)
FN:30,(anonymous_10)
FN:41,(anonymous_11)
FN:51,(anonymous_13)
FN:57,(anonymous_15)
FN:75,(anonymous_17)
FN:88,(anonymous_19)
FN:90,(anonymous_20)
FN:98,(anonymous_21)
FN:112,(anonymous_22)
FN:117,(anonymous_23)
FN:123,(anonymous_24)
FNF:14
FNH:13
FNDA:0,(anonymous_7)
FNDA:2,(anonymous_8)
FNDA:6,(anonymous_9)
FNDA:13,(anonymous_10)
FNDA:10,(anonymous_11)
FNDA:2,(anonymous_13)
FNDA:2,(anonymous_15)
FNDA:10,(anonymous_17)
FNDA:10,(anonymous_19)
FNDA:5,(anonymous_20)
FNDA:7,(anonymous_21)
FNDA:4,(anonymous_22)
FNDA:2,(anonymous_23)
FNDA:9,(anonymous_24)
DA:1,6
DA:3,6
DA:4,8
DA:6,6
DA:14,6
DA:16,6
DA:17,6
DA:18,6
DA:21,6
DA:27,6
DA:31,13
DA:32,13
DA:34,13
DA:35,7
DA:37,8
DA:42,10
DA:43,10
DA:44,10
DA:45,7
DA:47,3
DA:52,2
DA:53,2
DA:58,2
DA:59,2
DA:61,2
DA:62,2
DA:64,2
DA:66,2
DA:67,0
DA:69,2
DA:71,2
DA:76,10
DA:77,10
DA:78,10
DA:79,4
DA:81,6
DA:89,10
DA:90,5
DA:94,10
DA:99,7
DA:100,7
DA:102,7
DA:103,7
DA:105,7
DA:106,3
DA:112,4
DA:113,4
DA:114,2
DA:117,2
DA:118,2
DA:126,9
DA:128,6
DA:129,6
DA:130,6
DA:131,6
DA:134,3
DA:135,3
LF:57
LH:56
BRDA:20,0,0,6
BRDA:30,1,0,7
BRDA:30,2,0,7
BRDA:34,3,0,7
BRDA:41,4,0,4
BRDA:51,5,0,2
BRDA:51,6,0,2
BRDA:57,7,0,2
BRDA:57,8,0,2
BRDA:61,9,0,2
BRDA:66,10,0,0
BRDA:94,11,0,4
BRDA:94,11,1,6
BRDA:105,12,0,3
BRDA:113,13,0,2
BRDA:118,14,0,2
BRDA:118,14,1,0
BRDA:126,15,0,6
BRDA:126,15,1,3
BRDA:126,16,0,9
BRDA:126,16,1,9
BRDA:126,17,0,0
BRDA:126,17,1,9
BRDA:126,18,0,9
BRDA:126,18,1,9
BRF:25
BRH:22
end_of_record
TN:
SF:src\errors.ts
FN:6,(anonymous_0)
FN:17,(anonymous_1)
FNF:2
FNH:2
FNDA:5,(anonymous_0)
FNDA:6,(anonymous_1)
DA:4,6
DA:7,5
DA:8,5
DA:12,6
DA:18,6
DA:19,6
DA:20,6
DA:21,6
LF:8
LH:8
BRF:0
BRH:0
end_of_record
TN:
SF:src\__tests__\_resources.ts
FNF:0
FNH:0
DA:3,6
DA:15,6
DA:22,6
DA:29,6
LF:4
LH:4
BRF:0
BRH:0
end_of_record
